02:49:54 | INFO | Discovered 264 files and 3168 time slices for category dTEC.
02:49:54 | INFO | Current file: D:\Desktop\lzt_thesis_code\GNSSdraw\Data_download\dTEC_data\2024\130\2024050900_dtec.nc
02:49:54 | INFO | Current processing time: 2024-05-09 00:00 UTC
02:49:57 | INFO | Output path: D:\Desktop\lzt_thesis_code\GNSSdraw\GNSS_draw\outputs\dTEC\2024\130\dTEC_20240509T0000Z_americas.png
02:49:57 | INFO | Current processing time: 2024-05-09 00:05 UTC
02:50:01 | INFO | Output path: D:\Desktop\lzt_thesis_code\GNSSdraw\GNSS_draw\outputs\dTEC\2024\130\dTEC_20240509T0005Z_americas.png
02:50:02 | INFO | Current processing time: 2024-05-09 00:10 UTC
02:50:06 | INFO | Output path: D:\Desktop\lzt_thesis_code\GNSSdraw\GNSS_draw\outputs\dTEC\2024\130\dTEC_20240509T0010Z_americas.png
02:50:06 | INFO | Current processing time: 2024-05-09 00:15 UTC
02:50:09 | INFO | Output path: D:\Desktop\lzt_thesis_code\GNSSdraw\GNSS_draw\outputs\dTEC\2024\130\dTEC_20240509T0015Z_americas.png
02:50:09 | INFO | Current processing time: 2024-05-09 00:20 UTC
02:50:13 | INFO | Output path: D:\Desktop\lzt_thesis_code\GNSSdraw\GNSS_draw\outputs\dTEC\2024\130\dTEC_20240509T0020Z_americas.png
02:50:13 | INFO | Current processing time: 2024-05-09 00:25 UTC
02:50:16 | INFO | Output path: D:\Desktop\lzt_thesis_code\GNSSdraw\GNSS_draw\outputs\dTEC\2024\130\dTEC_20240509T0025Z_americas.png
02:50:16 | INFO | Current processing time: 2024-05-09 00:30 UTC
02:50:20 | INFO | Output path: D:\Desktop\lzt_thesis_code\GNSSdraw\GNSS_draw\outputs\dTEC\2024\130\dTEC_20240509T0030Z_americas.png
02:50:20 | INFO | Current processing time: 2024-05-09 00:35 UTC
02:50:24 | INFO | Output path: D:\Desktop\lzt_thesis_code\GNSSdraw\GNSS_draw\outputs\dTEC\2024\130\dTEC_20240509T0035Z_americas.png
02:50:24 | INFO | Current processing time: 2024-05-09 00:40 UTC
02:50:27 | INFO | Output path: D:\Desktop\lzt_thesis_code\GNSSdraw\GNSS_draw\outputs\dTEC\2024\130\dTEC_20240509T0040Z_americas.png
02:50:27 | INFO | Current processing time: 2024-05-09 00:45 UTC
02:50:30 | INFO | Output path: D:\Desktop\lzt_thesis_code\GNSSdraw\GNSS_draw\outputs\dTEC\2024\130\dTEC_20240509T0045Z_americas.png
02:50:30 | INFO | Current processing time: 2024-05-09 00:50 UTC
02:50:33 | INFO | Output path: D:\Desktop\lzt_thesis_code\GNSSdraw\GNSS_draw\outputs\dTEC\2024\130\dTEC_20240509T0050Z_americas.png
02:50:33 | INFO | Current processing time: 2024-05-09 00:55 UTC
02:50:36 | INFO | Output path: D:\Desktop\lzt_thesis_code\GNSSdraw\GNSS_draw\outputs\dTEC\2024\130\dTEC_20240509T0055Z_americas.png
02:50:36 | INFO | Current file: D:\Desktop\lzt_thesis_code\GNSSdraw\Data_download\dTEC_data\2024\130\2024050901_dtec.nc
02:50:36 | INFO | Current processing time: 2024-05-09 01:00 UTC
02:50:39 | INFO | Output path: D:\Desktop\lzt_thesis_code\GNSSdraw\GNSS_draw\outputs\dTEC\2024\130\dTEC_20240509T0100Z_americas.png
02:50:39 | INFO | Current processing time: 2024-05-09 01:05 UTC
02:50:42 | INFO | Output path: D:\Desktop\lzt_thesis_code\GNSSdraw\GNSS_draw\outputs\dTEC\2024\130\dTEC_20240509T0105Z_americas.png
02:50:42 | INFO | Current processing time: 2024-05-09 01:10 UTC
02:50:45 | INFO | Output path: D:\Desktop\lzt_thesis_code\GNSSdraw\GNSS_draw\outputs\dTEC\2024\130\dTEC_20240509T0110Z_americas.png
02:50:45 | INFO | Current processing time: 2024-05-09 01:15 UTC
02:50:48 | INFO | Output path: D:\Desktop\lzt_thesis_code\GNSSdraw\GNSS_draw\outputs\dTEC\2024\130\dTEC_20240509T0115Z_americas.png
02:50:48 | INFO | Current processing time: 2024-05-09 01:20 UTC
02:50:51 | INFO | Output path: D:\Desktop\lzt_thesis_code\GNSSdraw\GNSS_draw\outputs\dTEC\2024\130\dTEC_20240509T0120Z_americas.png
02:50:51 | INFO | Current processing time: 2024-05-09 01:25 UTC
02:50:54 | INFO | Output path: D:\Desktop\lzt_thesis_code\GNSSdraw\GNSS_draw\outputs\dTEC\2024\130\dTEC_20240509T0125Z_americas.png
02:50:54 | INFO | Current processing time: 2024-05-09 01:30 UTC
02:50:58 | INFO | Output path: D:\Desktop\lzt_thesis_code\GNSSdraw\GNSS_draw\outputs\dTEC\2024\130\dTEC_20240509T0130Z_americas.png
02:50:58 | INFO | Current processing time: 2024-05-09 01:35 UTC
02:51:01 | INFO | Output path: D:\Desktop\lzt_thesis_code\GNSSdraw\GNSS_draw\outputs\dTEC\2024\130\dTEC_20240509T0135Z_americas.png
02:51:01 | INFO | Current processing time: 2024-05-09 01:40 UTC
02:51:04 | INFO | Output path: D:\Desktop\lzt_thesis_code\GNSSdraw\GNSS_draw\outputs\dTEC\2024\130\dTEC_20240509T0140Z_americas.png
02:51:04 | INFO | Current processing time: 2024-05-09 01:45 UTC
02:51:07 | INFO | Output path: D:\Desktop\lzt_thesis_code\GNSSdraw\GNSS_draw\outputs\dTEC\2024\130\dTEC_20240509T0145Z_americas.png
02:51:08 | INFO | Current processing time: 2024-05-09 01:50 UTC
02:51:11 | INFO | Output path: D:\Desktop\lzt_thesis_code\GNSSdraw\GNSS_draw\outputs\dTEC\2024\130\dTEC_20240509T0150Z_americas.png
02:51:11 | INFO | Current processing time: 2024-05-09 01:55 UTC
02:51:14 | INFO | Output path: D:\Desktop\lzt_thesis_code\GNSSdraw\GNSS_draw\outputs\dTEC\2024\130\dTEC_20240509T0155Z_americas.png
02:51:14 | INFO | Current file: D:\Desktop\lzt_thesis_code\GNSSdraw\Data_download\dTEC_data\2024\130\2024050902_dtec.nc
02:51:14 | INFO | Current processing time: 2024-05-09 02:00 UTC
02:51:19 | INFO | Output path: D:\Desktop\lzt_thesis_code\GNSSdraw\GNSS_draw\outputs\dTEC\2024\130\dTEC_20240509T0200Z_americas.png
02:51:20 | INFO | Current processing time: 2024-05-09 02:05 UTC
02:51:23 | INFO | Output path: D:\Desktop\lzt_thesis_code\GNSSdraw\GNSS_draw\outputs\dTEC\2024\130\dTEC_20240509T0205Z_americas.png
02:51:23 | INFO | Current processing time: 2024-05-09 02:10 UTC
02:51:26 | INFO | Output path: D:\Desktop\lzt_thesis_code\GNSSdraw\GNSS_draw\outputs\dTEC\2024\130\dTEC_20240509T0210Z_americas.png
02:51:26 | INFO | Current processing time: 2024-05-09 02:15 UTC
02:51:28 | INFO | Output path: D:\Desktop\lzt_thesis_code\GNSSdraw\GNSS_draw\outputs\dTEC\2024\130\dTEC_20240509T0215Z_americas.png
02:51:29 | INFO | Current processing time: 2024-05-09 02:20 UTC
02:51:32 | INFO | Output path: D:\Desktop\lzt_thesis_code\GNSSdraw\GNSS_draw\outputs\dTEC\2024\130\dTEC_20240509T0220Z_americas.png
02:51:32 | INFO | Current processing time: 2024-05-09 02:25 UTC
02:51:36 | INFO | Output path: D:\Desktop\lzt_thesis_code\GNSSdraw\GNSS_draw\outputs\dTEC\2024\130\dTEC_20240509T0225Z_americas.png
02:51:36 | INFO | Current processing time: 2024-05-09 02:30 UTC
02:51:39 | INFO | Output path: D:\Desktop\lzt_thesis_code\GNSSdraw\GNSS_draw\outputs\dTEC\2024\130\dTEC_20240509T0230Z_americas.png
02:51:39 | INFO | Current processing time: 2024-05-09 02:35 UTC
02:51:42 | INFO | Output path: D:\Desktop\lzt_thesis_code\GNSSdraw\GNSS_draw\outputs\dTEC\2024\130\dTEC_20240509T0235Z_americas.png
02:51:42 | INFO | Current processing time: 2024-05-09 02:40 UTC
02:51:46 | INFO | Output path: D:\Desktop\lzt_thesis_code\GNSSdraw\GNSS_draw\outputs\dTEC\2024\130\dTEC_20240509T0240Z_americas.png
02:51:46 | INFO | Current processing time: 2024-05-09 02:45 UTC
02:51:49 | INFO | Output path: D:\Desktop\lzt_thesis_code\GNSSdraw\GNSS_draw\outputs\dTEC\2024\130\dTEC_20240509T0245Z_americas.png
02:51:49 | INFO | Current processing time: 2024-05-09 02:50 UTC
02:51:52 | INFO | Output path: D:\Desktop\lzt_thesis_code\GNSSdraw\GNSS_draw\outputs\dTEC\2024\130\dTEC_20240509T0250Z_americas.png
02:51:52 | INFO | Current processing time: 2024-05-09 02:55 UTC
02:51:55 | INFO | Output path: D:\Desktop\lzt_thesis_code\GNSSdraw\GNSS_draw\outputs\dTEC\2024\130\dTEC_20240509T0255Z_americas.png
02:51:55 | INFO | Current file: D:\Desktop\lzt_thesis_code\GNSSdraw\Data_download\dTEC_data\2024\130\2024050903_dtec.nc
02:51:55 | INFO | Current processing time: 2024-05-09 03:00 UTC
02:51:59 | INFO | Output path: D:\Desktop\lzt_thesis_code\GNSSdraw\GNSS_draw\outputs\dTEC\2024\130\dTEC_20240509T0300Z_americas.png
02:51:59 | INFO | Current processing time: 2024-05-09 03:05 UTC
02:52:02 | INFO | Output path: D:\Desktop\lzt_thesis_code\GNSSdraw\GNSS_draw\outputs\dTEC\2024\130\dTEC_20240509T0305Z_americas.png
02:52:02 | INFO | Current processing time: 2024-05-09 03:10 UTC
02:52:07 | INFO | Output path: D:\Desktop\lzt_thesis_code\GNSSdraw\GNSS_draw\outputs\dTEC\2024\130\dTEC_20240509T0310Z_americas.png
02:52:07 | INFO | Current processing time: 2024-05-09 03:15 UTC
02:52:11 | INFO | Output path: D:\Desktop\lzt_thesis_code\GNSSdraw\GNSS_draw\outputs\dTEC\2024\130\dTEC_20240509T0315Z_americas.png
02:52:11 | INFO | Current processing time: 2024-05-09 03:20 UTC
02:52:14 | INFO | Output path: D:\Desktop\lzt_thesis_code\GNSSdraw\GNSS_draw\outputs\dTEC\2024\130\dTEC_20240509T0320Z_americas.png
02:52:14 | INFO | Current processing time: 2024-05-09 03:25 UTC
02:52:17 | INFO | Output path: D:\Desktop\lzt_thesis_code\GNSSdraw\GNSS_draw\outputs\dTEC\2024\130\dTEC_20240509T0325Z_americas.png
02:52:17 | INFO | Current processing time: 2024-05-09 03:30 UTC
02:52:20 | INFO | Output path: D:\Desktop\lzt_thesis_code\GNSSdraw\GNSS_draw\outputs\dTEC\2024\130\dTEC_20240509T0330Z_americas.png
02:52:20 | INFO | Current processing time: 2024-05-09 03:35 UTC
02:52:22 | INFO | Output path: D:\Desktop\lzt_thesis_code\GNSSdraw\GNSS_draw\outputs\dTEC\2024\130\dTEC_20240509T0335Z_americas.png
02:52:22 | INFO | Current processing time: 2024-05-09 03:40 UTC
02:52:25 | INFO | Output path: D:\Desktop\lzt_thesis_code\GNSSdraw\GNSS_draw\outputs\dTEC\2024\130\dTEC_20240509T0340Z_americas.png
02:52:25 | INFO | Current processing time: 2024-05-09 03:45 UTC
02:52:28 | INFO | Output path: D:\Desktop\lzt_thesis_code\GNSSdraw\GNSS_draw\outputs\dTEC\2024\130\dTEC_20240509T0345Z_americas.png
02:52:28 | INFO | Current processing time: 2024-05-09 03:50 UTC
02:52:30 | INFO | Output path: D:\Desktop\lzt_thesis_code\GNSSdraw\GNSS_draw\outputs\dTEC\2024\130\dTEC_20240509T0350Z_americas.png
02:52:30 | INFO | Current processing time: 2024-05-09 03:55 UTC
02:52:33 | INFO | Output path: D:\Desktop\lzt_thesis_code\GNSSdraw\GNSS_draw\outputs\dTEC\2024\130\dTEC_20240509T0355Z_americas.png
02:52:33 | INFO | Current file: D:\Desktop\lzt_thesis_code\GNSSdraw\Data_download\dTEC_data\2024\130\2024050904_dtec.nc
02:52:33 | INFO | Current processing time: 2024-05-09 04:00 UTC
02:52:35 | INFO | Output path: D:\Desktop\lzt_thesis_code\GNSSdraw\GNSS_draw\outputs\dTEC\2024\130\dTEC_20240509T0400Z_americas.png
02:52:35 | INFO | Current processing time: 2024-05-09 04:05 UTC
02:52:38 | INFO | Output path: D:\Desktop\lzt_thesis_code\GNSSdraw\GNSS_draw\outputs\dTEC\2024\130\dTEC_20240509T0405Z_americas.png
02:52:38 | INFO | Current processing time: 2024-05-09 04:10 UTC
02:52:40 | INFO | Output path: D:\Desktop\lzt_thesis_code\GNSSdraw\GNSS_draw\outputs\dTEC\2024\130\dTEC_20240509T0410Z_americas.png
02:52:41 | INFO | Current processing time: 2024-05-09 04:15 UTC
02:52:43 | INFO | Output path: D:\Desktop\lzt_thesis_code\GNSSdraw\GNSS_draw\outputs\dTEC\2024\130\dTEC_20240509T0415Z_americas.png
02:52:43 | INFO | Current processing time: 2024-05-09 04:20 UTC
02:52:46 | INFO | Output path: D:\Desktop\lzt_thesis_code\GNSSdraw\GNSS_draw\outputs\dTEC\2024\130\dTEC_20240509T0420Z_americas.png
02:52:46 | INFO | Current processing time: 2024-05-09 04:25 UTC
02:52:48 | INFO | Output path: D:\Desktop\lzt_thesis_code\GNSSdraw\GNSS_draw\outputs\dTEC\2024\130\dTEC_20240509T0425Z_americas.png
02:52:48 | INFO | Current processing time: 2024-05-09 04:30 UTC
02:52:51 | INFO | Output path: D:\Desktop\lzt_thesis_code\GNSSdraw\GNSS_draw\outputs\dTEC\2024\130\dTEC_20240509T0430Z_americas.png
02:52:51 | INFO | Current processing time: 2024-05-09 04:35 UTC
02:52:53 | INFO | Output path: D:\Desktop\lzt_thesis_code\GNSSdraw\GNSS_draw\outputs\dTEC\2024\130\dTEC_20240509T0435Z_americas.png
02:52:53 | INFO | Current processing time: 2024-05-09 04:40 UTC
02:52:56 | INFO | Output path: D:\Desktop\lzt_thesis_code\GNSSdraw\GNSS_draw\outputs\dTEC\2024\130\dTEC_20240509T0440Z_americas.png
02:52:56 | INFO | Current processing time: 2024-05-09 04:45 UTC
02:52:58 | INFO | Output path: D:\Desktop\lzt_thesis_code\GNSSdraw\GNSS_draw\outputs\dTEC\2024\130\dTEC_20240509T0445Z_americas.png
02:52:58 | INFO | Current processing time: 2024-05-09 04:50 UTC
02:53:01 | INFO | Output path: D:\Desktop\lzt_thesis_code\GNSSdraw\GNSS_draw\outputs\dTEC\2024\130\dTEC_20240509T0450Z_americas.png
02:53:01 | INFO | Current processing time: 2024-05-09 04:55 UTC
02:53:03 | INFO | Output path: D:\Desktop\lzt_thesis_code\GNSSdraw\GNSS_draw\outputs\dTEC\2024\130\dTEC_20240509T0455Z_americas.png
02:53:03 | INFO | Current file: D:\Desktop\lzt_thesis_code\GNSSdraw\Data_download\dTEC_data\2024\130\2024050905_dtec.nc
02:53:03 | INFO | Current processing time: 2024-05-09 05:00 UTC
02:53:06 | INFO | Output path: D:\Desktop\lzt_thesis_code\GNSSdraw\GNSS_draw\outputs\dTEC\2024\130\dTEC_20240509T0500Z_americas.png
02:53:06 | INFO | Current processing time: 2024-05-09 05:05 UTC
02:53:08 | INFO | Output path: D:\Desktop\lzt_thesis_code\GNSSdraw\GNSS_draw\outputs\dTEC\2024\130\dTEC_20240509T0505Z_americas.png
02:53:08 | INFO | Current processing time: 2024-05-09 05:10 UTC
02:53:11 | INFO | Output path: D:\Desktop\lzt_thesis_code\GNSSdraw\GNSS_draw\outputs\dTEC\2024\130\dTEC_20240509T0510Z_americas.png
02:53:11 | INFO | Current processing time: 2024-05-09 05:15 UTC
02:53:13 | INFO | Output path: D:\Desktop\lzt_thesis_code\GNSSdraw\GNSS_draw\outputs\dTEC\2024\130\dTEC_20240509T0515Z_americas.png
02:53:13 | INFO | Current processing time: 2024-05-09 05:20 UTC
02:53:16 | INFO | Output path: D:\Desktop\lzt_thesis_code\GNSSdraw\GNSS_draw\outputs\dTEC\2024\130\dTEC_20240509T0520Z_americas.png
02:53:16 | INFO | Current processing time: 2024-05-09 05:25 UTC
02:53:18 | INFO | Output path: D:\Desktop\lzt_thesis_code\GNSSdraw\GNSS_draw\outputs\dTEC\2024\130\dTEC_20240509T0525Z_americas.png
02:53:19 | INFO | Current processing time: 2024-05-09 05:30 UTC
02:53:21 | INFO | Output path: D:\Desktop\lzt_thesis_code\GNSSdraw\GNSS_draw\outputs\dTEC\2024\130\dTEC_20240509T0530Z_americas.png
02:53:21 | INFO | Current processing time: 2024-05-09 05:35 UTC
02:53:23 | INFO | Output path: D:\Desktop\lzt_thesis_code\GNSSdraw\GNSS_draw\outputs\dTEC\2024\130\dTEC_20240509T0535Z_americas.png
02:53:24 | INFO | Current processing time: 2024-05-09 05:40 UTC
02:53:26 | INFO | Output path: D:\Desktop\lzt_thesis_code\GNSSdraw\GNSS_draw\outputs\dTEC\2024\130\dTEC_20240509T0540Z_americas.png
02:53:26 | INFO | Current processing time: 2024-05-09 05:45 UTC
02:53:29 | INFO | Output path: D:\Desktop\lzt_thesis_code\GNSSdraw\GNSS_draw\outputs\dTEC\2024\130\dTEC_20240509T0545Z_americas.png
02:53:29 | INFO | Current processing time: 2024-05-09 05:50 UTC
02:53:31 | INFO | Output path: D:\Desktop\lzt_thesis_code\GNSSdraw\GNSS_draw\outputs\dTEC\2024\130\dTEC_20240509T0550Z_americas.png
02:53:31 | INFO | Current processing time: 2024-05-09 05:55 UTC
02:53:34 | INFO | Output path: D:\Desktop\lzt_thesis_code\GNSSdraw\GNSS_draw\outputs\dTEC\2024\130\dTEC_20240509T0555Z_americas.png
02:53:34 | INFO | Current file: D:\Desktop\lzt_thesis_code\GNSSdraw\Data_download\dTEC_data\2024\130\2024050906_dtec.nc
02:53:34 | INFO | Current processing time: 2024-05-09 06:00 UTC
02:53:36 | INFO | Output path: D:\Desktop\lzt_thesis_code\GNSSdraw\GNSS_draw\outputs\dTEC\2024\130\dTEC_20240509T0600Z_americas.png
02:53:36 | INFO | Current processing time: 2024-05-09 06:05 UTC
02:53:39 | INFO | Output path: D:\Desktop\lzt_thesis_code\GNSSdraw\GNSS_draw\outputs\dTEC\2024\130\dTEC_20240509T0605Z_americas.png
02:53:39 | INFO | Current processing time: 2024-05-09 06:10 UTC
02:53:41 | INFO | Output path: D:\Desktop\lzt_thesis_code\GNSSdraw\GNSS_draw\outputs\dTEC\2024\130\dTEC_20240509T0610Z_americas.png
02:53:41 | INFO | Current processing time: 2024-05-09 06:15 UTC
02:53:44 | INFO | Output path: D:\Desktop\lzt_thesis_code\GNSSdraw\GNSS_draw\outputs\dTEC\2024\130\dTEC_20240509T0615Z_americas.png
02:53:44 | INFO | Current processing time: 2024-05-09 06:20 UTC
02:53:46 | INFO | Output path: D:\Desktop\lzt_thesis_code\GNSSdraw\GNSS_draw\outputs\dTEC\2024\130\dTEC_20240509T0620Z_americas.png
02:53:46 | INFO | Current processing time: 2024-05-09 06:25 UTC
02:53:49 | INFO | Output path: D:\Desktop\lzt_thesis_code\GNSSdraw\GNSS_draw\outputs\dTEC\2024\130\dTEC_20240509T0625Z_americas.png
02:53:49 | INFO | Current processing time: 2024-05-09 06:30 UTC
02:53:51 | INFO | Output path: D:\Desktop\lzt_thesis_code\GNSSdraw\GNSS_draw\outputs\dTEC\2024\130\dTEC_20240509T0630Z_americas.png
02:53:51 | INFO | Current processing time: 2024-05-09 06:35 UTC
02:53:54 | INFO | Output path: D:\Desktop\lzt_thesis_code\GNSSdraw\GNSS_draw\outputs\dTEC\2024\130\dTEC_20240509T0635Z_americas.png
02:53:54 | INFO | Current processing time: 2024-05-09 06:40 UTC
02:53:56 | INFO | Output path: D:\Desktop\lzt_thesis_code\GNSSdraw\GNSS_draw\outputs\dTEC\2024\130\dTEC_20240509T0640Z_americas.png
02:53:56 | INFO | Current processing time: 2024-05-09 06:45 UTC
02:53:59 | INFO | Output path: D:\Desktop\lzt_thesis_code\GNSSdraw\GNSS_draw\outputs\dTEC\2024\130\dTEC_20240509T0645Z_americas.png
02:53:59 | INFO | Current processing time: 2024-05-09 06:50 UTC
02:54:01 | INFO | Output path: D:\Desktop\lzt_thesis_code\GNSSdraw\GNSS_draw\outputs\dTEC\2024\130\dTEC_20240509T0650Z_americas.png
02:54:01 | INFO | Current processing time: 2024-05-09 06:55 UTC
02:54:04 | INFO | Output path: D:\Desktop\lzt_thesis_code\GNSSdraw\GNSS_draw\outputs\dTEC\2024\130\dTEC_20240509T0655Z_americas.png
02:54:04 | INFO | Current file: D:\Desktop\lzt_thesis_code\GNSSdraw\Data_download\dTEC_data\2024\130\2024050907_dtec.nc
02:54:04 | INFO | Current processing time: 2024-05-09 07:00 UTC
02:54:06 | INFO | Output path: D:\Desktop\lzt_thesis_code\GNSSdraw\GNSS_draw\outputs\dTEC\2024\130\dTEC_20240509T0700Z_americas.png
02:54:06 | INFO | Current processing time: 2024-05-09 07:05 UTC
02:54:09 | INFO | Output path: D:\Desktop\lzt_thesis_code\GNSSdraw\GNSS_draw\outputs\dTEC\2024\130\dTEC_20240509T0705Z_americas.png
02:54:09 | INFO | Current processing time: 2024-05-09 07:10 UTC
02:54:11 | INFO | Output path: D:\Desktop\lzt_thesis_code\GNSSdraw\GNSS_draw\outputs\dTEC\2024\130\dTEC_20240509T0710Z_americas.png
02:54:11 | INFO | Current processing time: 2024-05-09 07:15 UTC
02:54:14 | INFO | Output path: D:\Desktop\lzt_thesis_code\GNSSdraw\GNSS_draw\outputs\dTEC\2024\130\dTEC_20240509T0715Z_americas.png
02:54:14 | INFO | Current processing time: 2024-05-09 07:20 UTC
02:54:16 | INFO | Output path: D:\Desktop\lzt_thesis_code\GNSSdraw\GNSS_draw\outputs\dTEC\2024\130\dTEC_20240509T0720Z_americas.png
02:54:17 | INFO | Current processing time: 2024-05-09 07:25 UTC
02:54:19 | INFO | Output path: D:\Desktop\lzt_thesis_code\GNSSdraw\GNSS_draw\outputs\dTEC\2024\130\dTEC_20240509T0725Z_americas.png
02:54:19 | INFO | Current processing time: 2024-05-09 07:30 UTC
02:54:21 | INFO | Output path: D:\Desktop\lzt_thesis_code\GNSSdraw\GNSS_draw\outputs\dTEC\2024\130\dTEC_20240509T0730Z_americas.png
02:54:21 | INFO | Current processing time: 2024-05-09 07:35 UTC
02:54:24 | INFO | Output path: D:\Desktop\lzt_thesis_code\GNSSdraw\GNSS_draw\outputs\dTEC\2024\130\dTEC_20240509T0735Z_americas.png
02:54:24 | INFO | Current processing time: 2024-05-09 07:40 UTC
02:54:26 | INFO | Output path: D:\Desktop\lzt_thesis_code\GNSSdraw\GNSS_draw\outputs\dTEC\2024\130\dTEC_20240509T0740Z_americas.png
02:54:26 | INFO | Current processing time: 2024-05-09 07:45 UTC
02:54:29 | INFO | Output path: D:\Desktop\lzt_thesis_code\GNSSdraw\GNSS_draw\outputs\dTEC\2024\130\dTEC_20240509T0745Z_americas.png
02:54:29 | INFO | Current processing time: 2024-05-09 07:50 UTC
02:54:31 | INFO | Output path: D:\Desktop\lzt_thesis_code\GNSSdraw\GNSS_draw\outputs\dTEC\2024\130\dTEC_20240509T0750Z_americas.png
02:54:31 | INFO | Current processing time: 2024-05-09 07:55 UTC
02:54:34 | INFO | Output path: D:\Desktop\lzt_thesis_code\GNSSdraw\GNSS_draw\outputs\dTEC\2024\130\dTEC_20240509T0755Z_americas.png
02:54:34 | INFO | Current file: D:\Desktop\lzt_thesis_code\GNSSdraw\Data_download\dTEC_data\2024\130\2024050908_dtec.nc
02:54:34 | INFO | Current processing time: 2024-05-09 08:00 UTC
02:54:36 | INFO | Output path: D:\Desktop\lzt_thesis_code\GNSSdraw\GNSS_draw\outputs\dTEC\2024\130\dTEC_20240509T0800Z_americas.png
02:54:36 | INFO | Current processing time: 2024-05-09 08:05 UTC
02:54:39 | INFO | Output path: D:\Desktop\lzt_thesis_code\GNSSdraw\GNSS_draw\outputs\dTEC\2024\130\dTEC_20240509T0805Z_americas.png
02:54:39 | INFO | Current processing time: 2024-05-09 08:10 UTC
02:54:41 | INFO | Output path: D:\Desktop\lzt_thesis_code\GNSSdraw\GNSS_draw\outputs\dTEC\2024\130\dTEC_20240509T0810Z_americas.png
02:54:41 | INFO | Current processing time: 2024-05-09 08:15 UTC
02:54:44 | INFO | Output path: D:\Desktop\lzt_thesis_code\GNSSdraw\GNSS_draw\outputs\dTEC\2024\130\dTEC_20240509T0815Z_americas.png
02:54:44 | INFO | Current processing time: 2024-05-09 08:20 UTC
02:54:46 | INFO | Output path: D:\Desktop\lzt_thesis_code\GNSSdraw\GNSS_draw\outputs\dTEC\2024\130\dTEC_20240509T0820Z_americas.png
02:54:46 | INFO | Current processing time: 2024-05-09 08:25 UTC
02:54:49 | INFO | Output path: D:\Desktop\lzt_thesis_code\GNSSdraw\GNSS_draw\outputs\dTEC\2024\130\dTEC_20240509T0825Z_americas.png
02:54:49 | INFO | Current processing time: 2024-05-09 08:30 UTC
02:54:51 | INFO | Output path: D:\Desktop\lzt_thesis_code\GNSSdraw\GNSS_draw\outputs\dTEC\2024\130\dTEC_20240509T0830Z_americas.png
02:54:51 | INFO | Current processing time: 2024-05-09 08:35 UTC
02:54:54 | INFO | Output path: D:\Desktop\lzt_thesis_code\GNSSdraw\GNSS_draw\outputs\dTEC\2024\130\dTEC_20240509T0835Z_americas.png
02:54:54 | INFO | Current processing time: 2024-05-09 08:40 UTC
02:54:56 | INFO | Output path: D:\Desktop\lzt_thesis_code\GNSSdraw\GNSS_draw\outputs\dTEC\2024\130\dTEC_20240509T0840Z_americas.png
02:54:56 | INFO | Current processing time: 2024-05-09 08:45 UTC
02:54:59 | INFO | Output path: D:\Desktop\lzt_thesis_code\GNSSdraw\GNSS_draw\outputs\dTEC\2024\130\dTEC_20240509T0845Z_americas.png
02:54:59 | INFO | Current processing time: 2024-05-09 08:50 UTC
02:55:01 | INFO | Output path: D:\Desktop\lzt_thesis_code\GNSSdraw\GNSS_draw\outputs\dTEC\2024\130\dTEC_20240509T0850Z_americas.png
02:55:01 | INFO | Current processing time: 2024-05-09 08:55 UTC
02:55:04 | INFO | Output path: D:\Desktop\lzt_thesis_code\GNSSdraw\GNSS_draw\outputs\dTEC\2024\130\dTEC_20240509T0855Z_americas.png
02:55:04 | INFO | Current file: D:\Desktop\lzt_thesis_code\GNSSdraw\Data_download\dTEC_data\2024\130\2024050909_dtec.nc
02:55:04 | INFO | Current processing time: 2024-05-09 09:00 UTC
02:55:07 | INFO | Output path: D:\Desktop\lzt_thesis_code\GNSSdraw\GNSS_draw\outputs\dTEC\2024\130\dTEC_20240509T0900Z_americas.png
02:55:07 | INFO | Current processing time: 2024-05-09 09:05 UTC
02:55:09 | INFO | Output path: D:\Desktop\lzt_thesis_code\GNSSdraw\GNSS_draw\outputs\dTEC\2024\130\dTEC_20240509T0905Z_americas.png
02:55:09 | INFO | Current processing time: 2024-05-09 09:10 UTC
02:55:13 | INFO | Output path: D:\Desktop\lzt_thesis_code\GNSSdraw\GNSS_draw\outputs\dTEC\2024\130\dTEC_20240509T0910Z_americas.png
02:55:13 | INFO | Current processing time: 2024-05-09 09:15 UTC
02:55:16 | INFO | Output path: D:\Desktop\lzt_thesis_code\GNSSdraw\GNSS_draw\outputs\dTEC\2024\130\dTEC_20240509T0915Z_americas.png
02:55:16 | INFO | Current processing time: 2024-05-09 09:20 UTC
02:55:18 | INFO | Output path: D:\Desktop\lzt_thesis_code\GNSSdraw\GNSS_draw\outputs\dTEC\2024\130\dTEC_20240509T0920Z_americas.png
02:55:18 | INFO | Current processing time: 2024-05-09 09:25 UTC
02:55:21 | INFO | Output path: D:\Desktop\lzt_thesis_code\GNSSdraw\GNSS_draw\outputs\dTEC\2024\130\dTEC_20240509T0925Z_americas.png
02:55:21 | INFO | Current processing time: 2024-05-09 09:30 UTC
02:55:24 | INFO | Output path: D:\Desktop\lzt_thesis_code\GNSSdraw\GNSS_draw\outputs\dTEC\2024\130\dTEC_20240509T0930Z_americas.png
02:55:24 | INFO | Current processing time: 2024-05-09 09:35 UTC
02:55:26 | INFO | Output path: D:\Desktop\lzt_thesis_code\GNSSdraw\GNSS_draw\outputs\dTEC\2024\130\dTEC_20240509T0935Z_americas.png
02:55:26 | INFO | Current processing time: 2024-05-09 09:40 UTC
02:55:29 | INFO | Output path: D:\Desktop\lzt_thesis_code\GNSSdraw\GNSS_draw\outputs\dTEC\2024\130\dTEC_20240509T0940Z_americas.png
02:55:29 | INFO | Current processing time: 2024-05-09 09:45 UTC
02:55:32 | INFO | Output path: D:\Desktop\lzt_thesis_code\GNSSdraw\GNSS_draw\outputs\dTEC\2024\130\dTEC_20240509T0945Z_americas.png
02:55:32 | INFO | Current processing time: 2024-05-09 09:50 UTC
02:55:34 | INFO | Output path: D:\Desktop\lzt_thesis_code\GNSSdraw\GNSS_draw\outputs\dTEC\2024\130\dTEC_20240509T0950Z_americas.png
02:55:34 | INFO | Current processing time: 2024-05-09 09:55 UTC
02:55:38 | INFO | Output path: D:\Desktop\lzt_thesis_code\GNSSdraw\GNSS_draw\outputs\dTEC\2024\130\dTEC_20240509T0955Z_americas.png
02:55:38 | INFO | Current file: D:\Desktop\lzt_thesis_code\GNSSdraw\Data_download\dTEC_data\2024\130\2024050910_dtec.nc
02:55:38 | INFO | Current processing time: 2024-05-09 10:00 UTC
02:55:40 | INFO | Output path: D:\Desktop\lzt_thesis_code\GNSSdraw\GNSS_draw\outputs\dTEC\2024\130\dTEC_20240509T1000Z_americas.png
02:55:40 | INFO | Current processing time: 2024-05-09 10:05 UTC
02:55:43 | INFO | Output path: D:\Desktop\lzt_thesis_code\GNSSdraw\GNSS_draw\outputs\dTEC\2024\130\dTEC_20240509T1005Z_americas.png
02:55:43 | INFO | Current processing time: 2024-05-09 10:10 UTC
02:55:47 | INFO | Output path: D:\Desktop\lzt_thesis_code\GNSSdraw\GNSS_draw\outputs\dTEC\2024\130\dTEC_20240509T1010Z_americas.png
02:55:47 | INFO | Current processing time: 2024-05-09 10:15 UTC
02:55:50 | INFO | Output path: D:\Desktop\lzt_thesis_code\GNSSdraw\GNSS_draw\outputs\dTEC\2024\130\dTEC_20240509T1015Z_americas.png
02:55:50 | INFO | Current processing time: 2024-05-09 10:20 UTC
02:55:53 | INFO | Output path: D:\Desktop\lzt_thesis_code\GNSSdraw\GNSS_draw\outputs\dTEC\2024\130\dTEC_20240509T1020Z_americas.png
02:55:53 | INFO | Current processing time: 2024-05-09 10:25 UTC
02:55:55 | INFO | Output path: D:\Desktop\lzt_thesis_code\GNSSdraw\GNSS_draw\outputs\dTEC\2024\130\dTEC_20240509T1025Z_americas.png
02:55:55 | INFO | Current processing time: 2024-05-09 10:30 UTC
02:55:58 | INFO | Output path: D:\Desktop\lzt_thesis_code\GNSSdraw\GNSS_draw\outputs\dTEC\2024\130\dTEC_20240509T1030Z_americas.png
02:55:58 | INFO | Current processing time: 2024-05-09 10:35 UTC
02:56:01 | INFO | Output path: D:\Desktop\lzt_thesis_code\GNSSdraw\GNSS_draw\outputs\dTEC\2024\130\dTEC_20240509T1035Z_americas.png
02:56:01 | INFO | Current processing time: 2024-05-09 10:40 UTC
02:56:03 | INFO | Output path: D:\Desktop\lzt_thesis_code\GNSSdraw\GNSS_draw\outputs\dTEC\2024\130\dTEC_20240509T1040Z_americas.png
02:56:03 | INFO | Current processing time: 2024-05-09 10:45 UTC
02:56:07 | INFO | Output path: D:\Desktop\lzt_thesis_code\GNSSdraw\GNSS_draw\outputs\dTEC\2024\130\dTEC_20240509T1045Z_americas.png
02:56:07 | INFO | Current processing time: 2024-05-09 10:50 UTC
02:56:09 | INFO | Output path: D:\Desktop\lzt_thesis_code\GNSSdraw\GNSS_draw\outputs\dTEC\2024\130\dTEC_20240509T1050Z_americas.png
02:56:09 | INFO | Current processing time: 2024-05-09 10:55 UTC
02:56:13 | INFO | Output path: D:\Desktop\lzt_thesis_code\GNSSdraw\GNSS_draw\outputs\dTEC\2024\130\dTEC_20240509T1055Z_americas.png
02:56:13 | INFO | Current file: D:\Desktop\lzt_thesis_code\GNSSdraw\Data_download\dTEC_data\2024\130\2024050911_dtec.nc
02:56:13 | INFO | Current processing time: 2024-05-09 11:00 UTC
02:56:16 | INFO | Output path: D:\Desktop\lzt_thesis_code\GNSSdraw\GNSS_draw\outputs\dTEC\2024\130\dTEC_20240509T1100Z_americas.png
02:56:16 | INFO | Current processing time: 2024-05-09 11:05 UTC
02:56:18 | INFO | Output path: D:\Desktop\lzt_thesis_code\GNSSdraw\GNSS_draw\outputs\dTEC\2024\130\dTEC_20240509T1105Z_americas.png
02:56:18 | INFO | Current processing time: 2024-05-09 11:10 UTC
02:56:21 | INFO | Output path: D:\Desktop\lzt_thesis_code\GNSSdraw\GNSS_draw\outputs\dTEC\2024\130\dTEC_20240509T1110Z_americas.png
02:56:21 | INFO | Current processing time: 2024-05-09 11:15 UTC
02:56:24 | INFO | Output path: D:\Desktop\lzt_thesis_code\GNSSdraw\GNSS_draw\outputs\dTEC\2024\130\dTEC_20240509T1115Z_americas.png
02:56:24 | INFO | Current processing time: 2024-05-09 11:20 UTC
02:56:26 | INFO | Output path: D:\Desktop\lzt_thesis_code\GNSSdraw\GNSS_draw\outputs\dTEC\2024\130\dTEC_20240509T1120Z_americas.png
02:56:26 | INFO | Current processing time: 2024-05-09 11:25 UTC
02:56:29 | INFO | Output path: D:\Desktop\lzt_thesis_code\GNSSdraw\GNSS_draw\outputs\dTEC\2024\130\dTEC_20240509T1125Z_americas.png
02:56:29 | INFO | Current processing time: 2024-05-09 11:30 UTC
02:56:32 | INFO | Output path: D:\Desktop\lzt_thesis_code\GNSSdraw\GNSS_draw\outputs\dTEC\2024\130\dTEC_20240509T1130Z_americas.png
02:56:33 | INFO | Current processing time: 2024-05-09 11:35 UTC
02:56:36 | INFO | Output path: D:\Desktop\lzt_thesis_code\GNSSdraw\GNSS_draw\outputs\dTEC\2024\130\dTEC_20240509T1135Z_americas.png
02:56:36 | INFO | Current processing time: 2024-05-09 11:40 UTC
02:56:39 | INFO | Output path: D:\Desktop\lzt_thesis_code\GNSSdraw\GNSS_draw\outputs\dTEC\2024\130\dTEC_20240509T1140Z_americas.png
02:56:39 | INFO | Current processing time: 2024-05-09 11:45 UTC
02:56:41 | INFO | Output path: D:\Desktop\lzt_thesis_code\GNSSdraw\GNSS_draw\outputs\dTEC\2024\130\dTEC_20240509T1145Z_americas.png
02:56:41 | INFO | Current processing time: 2024-05-09 11:50 UTC
02:56:44 | INFO | Output path: D:\Desktop\lzt_thesis_code\GNSSdraw\GNSS_draw\outputs\dTEC\2024\130\dTEC_20240509T1150Z_americas.png
02:56:44 | INFO | Current processing time: 2024-05-09 11:55 UTC
02:56:47 | INFO | Output path: D:\Desktop\lzt_thesis_code\GNSSdraw\GNSS_draw\outputs\dTEC\2024\130\dTEC_20240509T1155Z_americas.png
02:56:47 | INFO | Current file: D:\Desktop\lzt_thesis_code\GNSSdraw\Data_download\dTEC_data\2024\130\2024050912_dtec.nc
02:56:47 | INFO | Current processing time: 2024-05-09 12:00 UTC
02:56:49 | INFO | Output path: D:\Desktop\lzt_thesis_code\GNSSdraw\GNSS_draw\outputs\dTEC\2024\130\dTEC_20240509T1200Z_americas.png
02:56:50 | INFO | Current processing time: 2024-05-09 12:05 UTC
02:56:52 | INFO | Output path: D:\Desktop\lzt_thesis_code\GNSSdraw\GNSS_draw\outputs\dTEC\2024\130\dTEC_20240509T1205Z_americas.png
02:56:52 | INFO | Current processing time: 2024-05-09 12:10 UTC
02:56:55 | INFO | Output path: D:\Desktop\lzt_thesis_code\GNSSdraw\GNSS_draw\outputs\dTEC\2024\130\dTEC_20240509T1210Z_americas.png
02:56:55 | INFO | Current processing time: 2024-05-09 12:15 UTC
02:56:58 | INFO | Output path: D:\Desktop\lzt_thesis_code\GNSSdraw\GNSS_draw\outputs\dTEC\2024\130\dTEC_20240509T1215Z_americas.png
02:56:58 | INFO | Current processing time: 2024-05-09 12:20 UTC
02:57:01 | INFO | Output path: D:\Desktop\lzt_thesis_code\GNSSdraw\GNSS_draw\outputs\dTEC\2024\130\dTEC_20240509T1220Z_americas.png
02:57:01 | INFO | Current processing time: 2024-05-09 12:25 UTC
02:57:04 | INFO | Output path: D:\Desktop\lzt_thesis_code\GNSSdraw\GNSS_draw\outputs\dTEC\2024\130\dTEC_20240509T1225Z_americas.png
02:57:04 | INFO | Current processing time: 2024-05-09 12:30 UTC
02:57:07 | INFO | Output path: D:\Desktop\lzt_thesis_code\GNSSdraw\GNSS_draw\outputs\dTEC\2024\130\dTEC_20240509T1230Z_americas.png
02:57:07 | INFO | Current processing time: 2024-05-09 12:35 UTC
02:57:13 | INFO | Output path: D:\Desktop\lzt_thesis_code\GNSSdraw\GNSS_draw\outputs\dTEC\2024\130\dTEC_20240509T1235Z_americas.png
02:57:13 | INFO | Current processing time: 2024-05-09 12:40 UTC
02:57:16 | INFO | Output path: D:\Desktop\lzt_thesis_code\GNSSdraw\GNSS_draw\outputs\dTEC\2024\130\dTEC_20240509T1240Z_americas.png
02:57:16 | INFO | Current processing time: 2024-05-09 12:45 UTC
02:57:19 | INFO | Output path: D:\Desktop\lzt_thesis_code\GNSSdraw\GNSS_draw\outputs\dTEC\2024\130\dTEC_20240509T1245Z_americas.png
02:57:19 | INFO | Current processing time: 2024-05-09 12:50 UTC
02:57:22 | INFO | Output path: D:\Desktop\lzt_thesis_code\GNSSdraw\GNSS_draw\outputs\dTEC\2024\130\dTEC_20240509T1250Z_americas.png
02:57:22 | INFO | Current processing time: 2024-05-09 12:55 UTC
02:57:25 | INFO | Output path: D:\Desktop\lzt_thesis_code\GNSSdraw\GNSS_draw\outputs\dTEC\2024\130\dTEC_20240509T1255Z_americas.png
02:57:25 | INFO | Current file: D:\Desktop\lzt_thesis_code\GNSSdraw\Data_download\dTEC_data\2024\130\2024050913_dtec.nc
02:57:25 | INFO | Current processing time: 2024-05-09 13:00 UTC
02:57:28 | INFO | Output path: D:\Desktop\lzt_thesis_code\GNSSdraw\GNSS_draw\outputs\dTEC\2024\130\dTEC_20240509T1300Z_americas.png
02:57:28 | INFO | Current processing time: 2024-05-09 13:05 UTC
02:57:32 | INFO | Output path: D:\Desktop\lzt_thesis_code\GNSSdraw\GNSS_draw\outputs\dTEC\2024\130\dTEC_20240509T1305Z_americas.png
02:57:32 | INFO | Current processing time: 2024-05-09 13:10 UTC
02:57:35 | INFO | Output path: D:\Desktop\lzt_thesis_code\GNSSdraw\GNSS_draw\outputs\dTEC\2024\130\dTEC_20240509T1310Z_americas.png
02:57:35 | INFO | Current processing time: 2024-05-09 13:15 UTC
02:57:38 | INFO | Output path: D:\Desktop\lzt_thesis_code\GNSSdraw\GNSS_draw\outputs\dTEC\2024\130\dTEC_20240509T1315Z_americas.png
02:57:38 | INFO | Current processing time: 2024-05-09 13:20 UTC
02:57:41 | INFO | Output path: D:\Desktop\lzt_thesis_code\GNSSdraw\GNSS_draw\outputs\dTEC\2024\130\dTEC_20240509T1320Z_americas.png
02:57:41 | INFO | Current processing time: 2024-05-09 13:25 UTC
02:57:44 | INFO | Output path: D:\Desktop\lzt_thesis_code\GNSSdraw\GNSS_draw\outputs\dTEC\2024\130\dTEC_20240509T1325Z_americas.png
02:57:44 | INFO | Current processing time: 2024-05-09 13:30 UTC
02:57:47 | INFO | Output path: D:\Desktop\lzt_thesis_code\GNSSdraw\GNSS_draw\outputs\dTEC\2024\130\dTEC_20240509T1330Z_americas.png
02:57:47 | INFO | Current processing time: 2024-05-09 13:35 UTC
02:57:49 | INFO | Output path: D:\Desktop\lzt_thesis_code\GNSSdraw\GNSS_draw\outputs\dTEC\2024\130\dTEC_20240509T1335Z_americas.png
02:57:49 | INFO | Current processing time: 2024-05-09 13:40 UTC
02:57:52 | INFO | Output path: D:\Desktop\lzt_thesis_code\GNSSdraw\GNSS_draw\outputs\dTEC\2024\130\dTEC_20240509T1340Z_americas.png
02:57:52 | INFO | Current processing time: 2024-05-09 13:45 UTC
02:57:55 | INFO | Output path: D:\Desktop\lzt_thesis_code\GNSSdraw\GNSS_draw\outputs\dTEC\2024\130\dTEC_20240509T1345Z_americas.png
02:57:55 | INFO | Current processing time: 2024-05-09 13:50 UTC
02:57:58 | INFO | Output path: D:\Desktop\lzt_thesis_code\GNSSdraw\GNSS_draw\outputs\dTEC\2024\130\dTEC_20240509T1350Z_americas.png
02:57:58 | INFO | Current processing time: 2024-05-09 13:55 UTC
02:58:01 | INFO | Output path: D:\Desktop\lzt_thesis_code\GNSSdraw\GNSS_draw\outputs\dTEC\2024\130\dTEC_20240509T1355Z_americas.png
02:58:01 | INFO | Current file: D:\Desktop\lzt_thesis_code\GNSSdraw\Data_download\dTEC_data\2024\130\2024050914_dtec.nc
02:58:01 | INFO | Current processing time: 2024-05-09 14:00 UTC
02:58:03 | INFO | Output path: D:\Desktop\lzt_thesis_code\GNSSdraw\GNSS_draw\outputs\dTEC\2024\130\dTEC_20240509T1400Z_americas.png
02:58:03 | INFO | Current processing time: 2024-05-09 14:05 UTC
02:58:06 | INFO | Output path: D:\Desktop\lzt_thesis_code\GNSSdraw\GNSS_draw\outputs\dTEC\2024\130\dTEC_20240509T1405Z_americas.png
02:58:06 | INFO | Current processing time: 2024-05-09 14:10 UTC
02:58:09 | INFO | Output path: D:\Desktop\lzt_thesis_code\GNSSdraw\GNSS_draw\outputs\dTEC\2024\130\dTEC_20240509T1410Z_americas.png
02:58:09 | INFO | Current processing time: 2024-05-09 14:15 UTC
02:58:12 | INFO | Output path: D:\Desktop\lzt_thesis_code\GNSSdraw\GNSS_draw\outputs\dTEC\2024\130\dTEC_20240509T1415Z_americas.png
02:58:12 | INFO | Current processing time: 2024-05-09 14:20 UTC
02:58:15 | INFO | Output path: D:\Desktop\lzt_thesis_code\GNSSdraw\GNSS_draw\outputs\dTEC\2024\130\dTEC_20240509T1420Z_americas.png
02:58:15 | INFO | Current processing time: 2024-05-09 14:25 UTC
02:58:17 | INFO | Output path: D:\Desktop\lzt_thesis_code\GNSSdraw\GNSS_draw\outputs\dTEC\2024\130\dTEC_20240509T1425Z_americas.png
02:58:17 | INFO | Current processing time: 2024-05-09 14:30 UTC
02:58:20 | INFO | Output path: D:\Desktop\lzt_thesis_code\GNSSdraw\GNSS_draw\outputs\dTEC\2024\130\dTEC_20240509T1430Z_americas.png
02:58:20 | INFO | Current processing time: 2024-05-09 14:35 UTC
02:58:23 | INFO | Output path: D:\Desktop\lzt_thesis_code\GNSSdraw\GNSS_draw\outputs\dTEC\2024\130\dTEC_20240509T1435Z_americas.png
02:58:23 | INFO | Current processing time: 2024-05-09 14:40 UTC
02:58:26 | INFO | Output path: D:\Desktop\lzt_thesis_code\GNSSdraw\GNSS_draw\outputs\dTEC\2024\130\dTEC_20240509T1440Z_americas.png
02:58:26 | INFO | Current processing time: 2024-05-09 14:45 UTC
02:58:28 | INFO | Output path: D:\Desktop\lzt_thesis_code\GNSSdraw\GNSS_draw\outputs\dTEC\2024\130\dTEC_20240509T1445Z_americas.png
02:58:28 | INFO | Current processing time: 2024-05-09 14:50 UTC
02:58:31 | INFO | Output path: D:\Desktop\lzt_thesis_code\GNSSdraw\GNSS_draw\outputs\dTEC\2024\130\dTEC_20240509T1450Z_americas.png
02:58:31 | INFO | Current processing time: 2024-05-09 14:55 UTC
02:58:34 | INFO | Output path: D:\Desktop\lzt_thesis_code\GNSSdraw\GNSS_draw\outputs\dTEC\2024\130\dTEC_20240509T1455Z_americas.png
02:58:34 | INFO | Current file: D:\Desktop\lzt_thesis_code\GNSSdraw\Data_download\dTEC_data\2024\130\2024050915_dtec.nc
02:58:34 | INFO | Current processing time: 2024-05-09 15:00 UTC
02:58:37 | INFO | Output path: D:\Desktop\lzt_thesis_code\GNSSdraw\GNSS_draw\outputs\dTEC\2024\130\dTEC_20240509T1500Z_americas.png
02:58:37 | INFO | Current processing time: 2024-05-09 15:05 UTC
02:58:40 | INFO | Output path: D:\Desktop\lzt_thesis_code\GNSSdraw\GNSS_draw\outputs\dTEC\2024\130\dTEC_20240509T1505Z_americas.png
02:58:40 | INFO | Current processing time: 2024-05-09 15:10 UTC
02:58:42 | INFO | Output path: D:\Desktop\lzt_thesis_code\GNSSdraw\GNSS_draw\outputs\dTEC\2024\130\dTEC_20240509T1510Z_americas.png
02:58:43 | INFO | Current processing time: 2024-05-09 15:15 UTC
02:58:45 | INFO | Output path: D:\Desktop\lzt_thesis_code\GNSSdraw\GNSS_draw\outputs\dTEC\2024\130\dTEC_20240509T1515Z_americas.png
02:58:45 | INFO | Current processing time: 2024-05-09 15:20 UTC
02:58:48 | INFO | Output path: D:\Desktop\lzt_thesis_code\GNSSdraw\GNSS_draw\outputs\dTEC\2024\130\dTEC_20240509T1520Z_americas.png
02:58:48 | INFO | Current processing time: 2024-05-09 15:25 UTC
02:58:51 | INFO | Output path: D:\Desktop\lzt_thesis_code\GNSSdraw\GNSS_draw\outputs\dTEC\2024\130\dTEC_20240509T1525Z_americas.png
02:58:51 | INFO | Current processing time: 2024-05-09 15:30 UTC
02:58:54 | INFO | Output path: D:\Desktop\lzt_thesis_code\GNSSdraw\GNSS_draw\outputs\dTEC\2024\130\dTEC_20240509T1530Z_americas.png
02:58:54 | INFO | Current processing time: 2024-05-09 15:35 UTC
02:58:56 | INFO | Output path: D:\Desktop\lzt_thesis_code\GNSSdraw\GNSS_draw\outputs\dTEC\2024\130\dTEC_20240509T1535Z_americas.png
02:58:57 | INFO | Current processing time: 2024-05-09 15:40 UTC
02:58:59 | INFO | Output path: D:\Desktop\lzt_thesis_code\GNSSdraw\GNSS_draw\outputs\dTEC\2024\130\dTEC_20240509T1540Z_americas.png
02:58:59 | INFO | Current processing time: 2024-05-09 15:45 UTC
02:59:02 | INFO | Output path: D:\Desktop\lzt_thesis_code\GNSSdraw\GNSS_draw\outputs\dTEC\2024\130\dTEC_20240509T1545Z_americas.png
02:59:02 | INFO | Current processing time: 2024-05-09 15:50 UTC
02:59:05 | INFO | Output path: D:\Desktop\lzt_thesis_code\GNSSdraw\GNSS_draw\outputs\dTEC\2024\130\dTEC_20240509T1550Z_americas.png
02:59:05 | INFO | Current processing time: 2024-05-09 15:55 UTC
02:59:08 | INFO | Output path: D:\Desktop\lzt_thesis_code\GNSSdraw\GNSS_draw\outputs\dTEC\2024\130\dTEC_20240509T1555Z_americas.png
02:59:08 | INFO | Current file: D:\Desktop\lzt_thesis_code\GNSSdraw\Data_download\dTEC_data\2024\130\2024050916_dtec.nc
02:59:08 | INFO | Current processing time: 2024-05-09 16:00 UTC
02:59:11 | INFO | Output path: D:\Desktop\lzt_thesis_code\GNSSdraw\GNSS_draw\outputs\dTEC\2024\130\dTEC_20240509T1600Z_americas.png
02:59:11 | INFO | Current processing time: 2024-05-09 16:05 UTC
02:59:13 | INFO | Output path: D:\Desktop\lzt_thesis_code\GNSSdraw\GNSS_draw\outputs\dTEC\2024\130\dTEC_20240509T1605Z_americas.png
02:59:13 | INFO | Current processing time: 2024-05-09 16:10 UTC
02:59:16 | INFO | Output path: D:\Desktop\lzt_thesis_code\GNSSdraw\GNSS_draw\outputs\dTEC\2024\130\dTEC_20240509T1610Z_americas.png
02:59:16 | INFO | Current processing time: 2024-05-09 16:15 UTC
02:59:19 | INFO | Output path: D:\Desktop\lzt_thesis_code\GNSSdraw\GNSS_draw\outputs\dTEC\2024\130\dTEC_20240509T1615Z_americas.png
02:59:19 | INFO | Current processing time: 2024-05-09 16:20 UTC
02:59:22 | INFO | Output path: D:\Desktop\lzt_thesis_code\GNSSdraw\GNSS_draw\outputs\dTEC\2024\130\dTEC_20240509T1620Z_americas.png
02:59:22 | INFO | Current processing time: 2024-05-09 16:25 UTC
02:59:25 | INFO | Output path: D:\Desktop\lzt_thesis_code\GNSSdraw\GNSS_draw\outputs\dTEC\2024\130\dTEC_20240509T1625Z_americas.png
02:59:25 | INFO | Current processing time: 2024-05-09 16:30 UTC
02:59:27 | INFO | Output path: D:\Desktop\lzt_thesis_code\GNSSdraw\GNSS_draw\outputs\dTEC\2024\130\dTEC_20240509T1630Z_americas.png
02:59:28 | INFO | Current processing time: 2024-05-09 16:35 UTC
02:59:30 | INFO | Output path: D:\Desktop\lzt_thesis_code\GNSSdraw\GNSS_draw\outputs\dTEC\2024\130\dTEC_20240509T1635Z_americas.png
02:59:30 | INFO | Current processing time: 2024-05-09 16:40 UTC
02:59:33 | INFO | Output path: D:\Desktop\lzt_thesis_code\GNSSdraw\GNSS_draw\outputs\dTEC\2024\130\dTEC_20240509T1640Z_americas.png
02:59:33 | INFO | Current processing time: 2024-05-09 16:45 UTC
02:59:36 | INFO | Output path: D:\Desktop\lzt_thesis_code\GNSSdraw\GNSS_draw\outputs\dTEC\2024\130\dTEC_20240509T1645Z_americas.png
02:59:36 | INFO | Current processing time: 2024-05-09 16:50 UTC
02:59:39 | INFO | Output path: D:\Desktop\lzt_thesis_code\GNSSdraw\GNSS_draw\outputs\dTEC\2024\130\dTEC_20240509T1650Z_americas.png
02:59:39 | INFO | Current processing time: 2024-05-09 16:55 UTC
02:59:42 | INFO | Output path: D:\Desktop\lzt_thesis_code\GNSSdraw\GNSS_draw\outputs\dTEC\2024\130\dTEC_20240509T1655Z_americas.png
02:59:42 | INFO | Current file: D:\Desktop\lzt_thesis_code\GNSSdraw\Data_download\dTEC_data\2024\130\2024050917_dtec.nc
02:59:42 | INFO | Current processing time: 2024-05-09 17:00 UTC
02:59:45 | INFO | Output path: D:\Desktop\lzt_thesis_code\GNSSdraw\GNSS_draw\outputs\dTEC\2024\130\dTEC_20240509T1700Z_americas.png
02:59:45 | INFO | Current processing time: 2024-05-09 17:05 UTC
02:59:48 | INFO | Output path: D:\Desktop\lzt_thesis_code\GNSSdraw\GNSS_draw\outputs\dTEC\2024\130\dTEC_20240509T1705Z_americas.png
02:59:48 | INFO | Current processing time: 2024-05-09 17:10 UTC
02:59:50 | INFO | Output path: D:\Desktop\lzt_thesis_code\GNSSdraw\GNSS_draw\outputs\dTEC\2024\130\dTEC_20240509T1710Z_americas.png
02:59:50 | INFO | Current processing time: 2024-05-09 17:15 UTC
02:59:53 | INFO | Output path: D:\Desktop\lzt_thesis_code\GNSSdraw\GNSS_draw\outputs\dTEC\2024\130\dTEC_20240509T1715Z_americas.png
02:59:53 | INFO | Current processing time: 2024-05-09 17:20 UTC
02:59:56 | INFO | Output path: D:\Desktop\lzt_thesis_code\GNSSdraw\GNSS_draw\outputs\dTEC\2024\130\dTEC_20240509T1720Z_americas.png
02:59:56 | INFO | Current processing time: 2024-05-09 17:25 UTC
02:59:59 | INFO | Output path: D:\Desktop\lzt_thesis_code\GNSSdraw\GNSS_draw\outputs\dTEC\2024\130\dTEC_20240509T1725Z_americas.png
02:59:59 | INFO | Current processing time: 2024-05-09 17:30 UTC
03:00:01 | INFO | Output path: D:\Desktop\lzt_thesis_code\GNSSdraw\GNSS_draw\outputs\dTEC\2024\130\dTEC_20240509T1730Z_americas.png
03:00:02 | INFO | Current processing time: 2024-05-09 17:35 UTC
03:00:04 | INFO | Output path: D:\Desktop\lzt_thesis_code\GNSSdraw\GNSS_draw\outputs\dTEC\2024\130\dTEC_20240509T1735Z_americas.png
03:00:04 | INFO | Current processing time: 2024-05-09 17:40 UTC
03:00:07 | INFO | Output path: D:\Desktop\lzt_thesis_code\GNSSdraw\GNSS_draw\outputs\dTEC\2024\130\dTEC_20240509T1740Z_americas.png
03:00:07 | INFO | Current processing time: 2024-05-09 17:45 UTC
03:00:10 | INFO | Output path: D:\Desktop\lzt_thesis_code\GNSSdraw\GNSS_draw\outputs\dTEC\2024\130\dTEC_20240509T1745Z_americas.png
03:00:10 | INFO | Current processing time: 2024-05-09 17:50 UTC
03:00:13 | INFO | Output path: D:\Desktop\lzt_thesis_code\GNSSdraw\GNSS_draw\outputs\dTEC\2024\130\dTEC_20240509T1750Z_americas.png
03:00:13 | INFO | Current processing time: 2024-05-09 17:55 UTC
03:00:16 | INFO | Output path: D:\Desktop\lzt_thesis_code\GNSSdraw\GNSS_draw\outputs\dTEC\2024\130\dTEC_20240509T1755Z_americas.png
03:00:16 | INFO | Current file: D:\Desktop\lzt_thesis_code\GNSSdraw\Data_download\dTEC_data\2024\130\2024050918_dtec.nc
03:00:16 | INFO | Current processing time: 2024-05-09 18:00 UTC
03:00:19 | INFO | Output path: D:\Desktop\lzt_thesis_code\GNSSdraw\GNSS_draw\outputs\dTEC\2024\130\dTEC_20240509T1800Z_americas.png
03:00:19 | INFO | Current processing time: 2024-05-09 18:05 UTC
03:00:22 | INFO | Output path: D:\Desktop\lzt_thesis_code\GNSSdraw\GNSS_draw\outputs\dTEC\2024\130\dTEC_20240509T1805Z_americas.png
03:00:22 | INFO | Current processing time: 2024-05-09 18:10 UTC
03:00:24 | INFO | Output path: D:\Desktop\lzt_thesis_code\GNSSdraw\GNSS_draw\outputs\dTEC\2024\130\dTEC_20240509T1810Z_americas.png
03:00:24 | INFO | Current processing time: 2024-05-09 18:15 UTC
03:00:27 | INFO | Output path: D:\Desktop\lzt_thesis_code\GNSSdraw\GNSS_draw\outputs\dTEC\2024\130\dTEC_20240509T1815Z_americas.png
03:00:27 | INFO | Current processing time: 2024-05-09 18:20 UTC
03:00:30 | INFO | Output path: D:\Desktop\lzt_thesis_code\GNSSdraw\GNSS_draw\outputs\dTEC\2024\130\dTEC_20240509T1820Z_americas.png
03:00:30 | INFO | Current processing time: 2024-05-09 18:25 UTC
03:00:33 | INFO | Output path: D:\Desktop\lzt_thesis_code\GNSSdraw\GNSS_draw\outputs\dTEC\2024\130\dTEC_20240509T1825Z_americas.png
03:00:33 | INFO | Current processing time: 2024-05-09 18:30 UTC
03:00:36 | INFO | Output path: D:\Desktop\lzt_thesis_code\GNSSdraw\GNSS_draw\outputs\dTEC\2024\130\dTEC_20240509T1830Z_americas.png
03:00:36 | INFO | Current processing time: 2024-05-09 18:35 UTC
03:00:38 | INFO | Output path: D:\Desktop\lzt_thesis_code\GNSSdraw\GNSS_draw\outputs\dTEC\2024\130\dTEC_20240509T1835Z_americas.png
03:00:38 | INFO | Current processing time: 2024-05-09 18:40 UTC
03:00:41 | INFO | Output path: D:\Desktop\lzt_thesis_code\GNSSdraw\GNSS_draw\outputs\dTEC\2024\130\dTEC_20240509T1840Z_americas.png
03:00:41 | INFO | Current processing time: 2024-05-09 18:45 UTC
03:00:44 | INFO | Output path: D:\Desktop\lzt_thesis_code\GNSSdraw\GNSS_draw\outputs\dTEC\2024\130\dTEC_20240509T1845Z_americas.png
03:00:44 | INFO | Current processing time: 2024-05-09 18:50 UTC
03:00:47 | INFO | Output path: D:\Desktop\lzt_thesis_code\GNSSdraw\GNSS_draw\outputs\dTEC\2024\130\dTEC_20240509T1850Z_americas.png
03:00:47 | INFO | Current processing time: 2024-05-09 18:55 UTC
03:00:50 | INFO | Output path: D:\Desktop\lzt_thesis_code\GNSSdraw\GNSS_draw\outputs\dTEC\2024\130\dTEC_20240509T1855Z_americas.png
03:00:50 | INFO | Current file: D:\Desktop\lzt_thesis_code\GNSSdraw\Data_download\dTEC_data\2024\130\2024050919_dtec.nc
03:00:50 | INFO | Current processing time: 2024-05-09 19:00 UTC
03:00:53 | INFO | Output path: D:\Desktop\lzt_thesis_code\GNSSdraw\GNSS_draw\outputs\dTEC\2024\130\dTEC_20240509T1900Z_americas.png
03:00:53 | INFO | Current processing time: 2024-05-09 19:05 UTC
03:00:55 | INFO | Output path: D:\Desktop\lzt_thesis_code\GNSSdraw\GNSS_draw\outputs\dTEC\2024\130\dTEC_20240509T1905Z_americas.png
03:00:55 | INFO | Current processing time: 2024-05-09 19:10 UTC
03:00:58 | INFO | Output path: D:\Desktop\lzt_thesis_code\GNSSdraw\GNSS_draw\outputs\dTEC\2024\130\dTEC_20240509T1910Z_americas.png
03:00:58 | INFO | Current processing time: 2024-05-09 19:15 UTC
03:01:01 | INFO | Output path: D:\Desktop\lzt_thesis_code\GNSSdraw\GNSS_draw\outputs\dTEC\2024\130\dTEC_20240509T1915Z_americas.png
03:01:01 | INFO | Current processing time: 2024-05-09 19:20 UTC
03:01:04 | INFO | Output path: D:\Desktop\lzt_thesis_code\GNSSdraw\GNSS_draw\outputs\dTEC\2024\130\dTEC_20240509T1920Z_americas.png
03:01:04 | INFO | Current processing time: 2024-05-09 19:25 UTC
03:01:07 | INFO | Output path: D:\Desktop\lzt_thesis_code\GNSSdraw\GNSS_draw\outputs\dTEC\2024\130\dTEC_20240509T1925Z_americas.png
03:01:07 | INFO | Current processing time: 2024-05-09 19:30 UTC
03:01:09 | INFO | Output path: D:\Desktop\lzt_thesis_code\GNSSdraw\GNSS_draw\outputs\dTEC\2024\130\dTEC_20240509T1930Z_americas.png
03:01:10 | INFO | Current processing time: 2024-05-09 19:35 UTC
03:01:12 | INFO | Output path: D:\Desktop\lzt_thesis_code\GNSSdraw\GNSS_draw\outputs\dTEC\2024\130\dTEC_20240509T1935Z_americas.png
03:01:12 | INFO | Current processing time: 2024-05-09 19:40 UTC
03:01:15 | INFO | Output path: D:\Desktop\lzt_thesis_code\GNSSdraw\GNSS_draw\outputs\dTEC\2024\130\dTEC_20240509T1940Z_americas.png
03:01:15 | INFO | Current processing time: 2024-05-09 19:45 UTC
03:01:18 | INFO | Output path: D:\Desktop\lzt_thesis_code\GNSSdraw\GNSS_draw\outputs\dTEC\2024\130\dTEC_20240509T1945Z_americas.png
03:01:18 | INFO | Current processing time: 2024-05-09 19:50 UTC
03:01:21 | INFO | Output path: D:\Desktop\lzt_thesis_code\GNSSdraw\GNSS_draw\outputs\dTEC\2024\130\dTEC_20240509T1950Z_americas.png
03:01:21 | INFO | Current processing time: 2024-05-09 19:55 UTC
03:01:24 | INFO | Output path: D:\Desktop\lzt_thesis_code\GNSSdraw\GNSS_draw\outputs\dTEC\2024\130\dTEC_20240509T1955Z_americas.png
03:01:24 | INFO | Current file: D:\Desktop\lzt_thesis_code\GNSSdraw\Data_download\dTEC_data\2024\130\2024050920_dtec.nc
03:01:24 | INFO | Current processing time: 2024-05-09 20:00 UTC
03:01:27 | INFO | Output path: D:\Desktop\lzt_thesis_code\GNSSdraw\GNSS_draw\outputs\dTEC\2024\130\dTEC_20240509T2000Z_americas.png
03:01:27 | INFO | Current processing time: 2024-05-09 20:05 UTC
03:01:30 | INFO | Output path: D:\Desktop\lzt_thesis_code\GNSSdraw\GNSS_draw\outputs\dTEC\2024\130\dTEC_20240509T2005Z_americas.png
03:01:30 | INFO | Current processing time: 2024-05-09 20:10 UTC
03:01:33 | INFO | Output path: D:\Desktop\lzt_thesis_code\GNSSdraw\GNSS_draw\outputs\dTEC\2024\130\dTEC_20240509T2010Z_americas.png
03:01:33 | INFO | Current processing time: 2024-05-09 20:15 UTC
03:01:35 | INFO | Output path: D:\Desktop\lzt_thesis_code\GNSSdraw\GNSS_draw\outputs\dTEC\2024\130\dTEC_20240509T2015Z_americas.png
03:01:36 | INFO | Current processing time: 2024-05-09 20:20 UTC
03:01:38 | INFO | Output path: D:\Desktop\lzt_thesis_code\GNSSdraw\GNSS_draw\outputs\dTEC\2024\130\dTEC_20240509T2020Z_americas.png
03:01:38 | INFO | Current processing time: 2024-05-09 20:25 UTC
03:01:41 | INFO | Output path: D:\Desktop\lzt_thesis_code\GNSSdraw\GNSS_draw\outputs\dTEC\2024\130\dTEC_20240509T2025Z_americas.png
03:01:41 | INFO | Current processing time: 2024-05-09 20:30 UTC
03:01:45 | INFO | Output path: D:\Desktop\lzt_thesis_code\GNSSdraw\GNSS_draw\outputs\dTEC\2024\130\dTEC_20240509T2030Z_americas.png
03:01:45 | INFO | Current processing time: 2024-05-09 20:35 UTC
03:01:48 | INFO | Output path: D:\Desktop\lzt_thesis_code\GNSSdraw\GNSS_draw\outputs\dTEC\2024\130\dTEC_20240509T2035Z_americas.png
03:01:48 | INFO | Current processing time: 2024-05-09 20:40 UTC
03:01:52 | INFO | Output path: D:\Desktop\lzt_thesis_code\GNSSdraw\GNSS_draw\outputs\dTEC\2024\130\dTEC_20240509T2040Z_americas.png
03:01:52 | INFO | Current processing time: 2024-05-09 20:45 UTC
03:01:55 | INFO | Output path: D:\Desktop\lzt_thesis_code\GNSSdraw\GNSS_draw\outputs\dTEC\2024\130\dTEC_20240509T2045Z_americas.png
03:01:55 | INFO | Current processing time: 2024-05-09 20:50 UTC
03:01:59 | INFO | Output path: D:\Desktop\lzt_thesis_code\GNSSdraw\GNSS_draw\outputs\dTEC\2024\130\dTEC_20240509T2050Z_americas.png
03:01:59 | INFO | Current processing time: 2024-05-09 20:55 UTC
03:02:02 | INFO | Output path: D:\Desktop\lzt_thesis_code\GNSSdraw\GNSS_draw\outputs\dTEC\2024\130\dTEC_20240509T2055Z_americas.png
03:02:02 | INFO | Current file: D:\Desktop\lzt_thesis_code\GNSSdraw\Data_download\dTEC_data\2024\130\2024050921_dtec.nc
03:02:03 | INFO | Current processing time: 2024-05-09 21:00 UTC
03:02:06 | INFO | Output path: D:\Desktop\lzt_thesis_code\GNSSdraw\GNSS_draw\outputs\dTEC\2024\130\dTEC_20240509T2100Z_americas.png
03:02:06 | INFO | Current processing time: 2024-05-09 21:05 UTC
03:02:09 | INFO | Output path: D:\Desktop\lzt_thesis_code\GNSSdraw\GNSS_draw\outputs\dTEC\2024\130\dTEC_20240509T2105Z_americas.png
03:02:09 | INFO | Current processing time: 2024-05-09 21:10 UTC
03:02:12 | INFO | Output path: D:\Desktop\lzt_thesis_code\GNSSdraw\GNSS_draw\outputs\dTEC\2024\130\dTEC_20240509T2110Z_americas.png
03:02:12 | INFO | Current processing time: 2024-05-09 21:15 UTC
03:02:15 | INFO | Output path: D:\Desktop\lzt_thesis_code\GNSSdraw\GNSS_draw\outputs\dTEC\2024\130\dTEC_20240509T2115Z_americas.png
03:02:15 | INFO | Current processing time: 2024-05-09 21:20 UTC
03:02:18 | INFO | Output path: D:\Desktop\lzt_thesis_code\GNSSdraw\GNSS_draw\outputs\dTEC\2024\130\dTEC_20240509T2120Z_americas.png
03:02:18 | INFO | Current processing time: 2024-05-09 21:25 UTC
03:02:21 | INFO | Output path: D:\Desktop\lzt_thesis_code\GNSSdraw\GNSS_draw\outputs\dTEC\2024\130\dTEC_20240509T2125Z_americas.png
03:02:21 | INFO | Current processing time: 2024-05-09 21:30 UTC
03:02:24 | INFO | Output path: D:\Desktop\lzt_thesis_code\GNSSdraw\GNSS_draw\outputs\dTEC\2024\130\dTEC_20240509T2130Z_americas.png
03:02:24 | INFO | Current processing time: 2024-05-09 21:35 UTC
03:02:26 | INFO | Output path: D:\Desktop\lzt_thesis_code\GNSSdraw\GNSS_draw\outputs\dTEC\2024\130\dTEC_20240509T2135Z_americas.png
03:02:26 | INFO | Current processing time: 2024-05-09 21:40 UTC
03:02:29 | INFO | Output path: D:\Desktop\lzt_thesis_code\GNSSdraw\GNSS_draw\outputs\dTEC\2024\130\dTEC_20240509T2140Z_americas.png
03:02:29 | INFO | Current processing time: 2024-05-09 21:45 UTC
03:02:32 | INFO | Output path: D:\Desktop\lzt_thesis_code\GNSSdraw\GNSS_draw\outputs\dTEC\2024\130\dTEC_20240509T2145Z_americas.png
03:02:32 | INFO | Current processing time: 2024-05-09 21:50 UTC
03:02:35 | INFO | Output path: D:\Desktop\lzt_thesis_code\GNSSdraw\GNSS_draw\outputs\dTEC\2024\130\dTEC_20240509T2150Z_americas.png
03:02:35 | INFO | Current processing time: 2024-05-09 21:55 UTC
03:02:38 | INFO | Output path: D:\Desktop\lzt_thesis_code\GNSSdraw\GNSS_draw\outputs\dTEC\2024\130\dTEC_20240509T2155Z_americas.png
03:02:38 | INFO | Current file: D:\Desktop\lzt_thesis_code\GNSSdraw\Data_download\dTEC_data\2024\130\2024050922_dtec.nc
03:02:38 | INFO | Current processing time: 2024-05-09 22:00 UTC
03:02:41 | INFO | Output path: D:\Desktop\lzt_thesis_code\GNSSdraw\GNSS_draw\outputs\dTEC\2024\130\dTEC_20240509T2200Z_americas.png
03:02:41 | INFO | Current processing time: 2024-05-09 22:05 UTC
03:02:44 | INFO | Output path: D:\Desktop\lzt_thesis_code\GNSSdraw\GNSS_draw\outputs\dTEC\2024\130\dTEC_20240509T2205Z_americas.png
03:02:44 | INFO | Current processing time: 2024-05-09 22:10 UTC
03:02:46 | INFO | Output path: D:\Desktop\lzt_thesis_code\GNSSdraw\GNSS_draw\outputs\dTEC\2024\130\dTEC_20240509T2210Z_americas.png
03:02:46 | INFO | Current processing time: 2024-05-09 22:15 UTC
03:02:49 | INFO | Output path: D:\Desktop\lzt_thesis_code\GNSSdraw\GNSS_draw\outputs\dTEC\2024\130\dTEC_20240509T2215Z_americas.png
03:02:49 | INFO | Current processing time: 2024-05-09 22:20 UTC
03:02:52 | INFO | Output path: D:\Desktop\lzt_thesis_code\GNSSdraw\GNSS_draw\outputs\dTEC\2024\130\dTEC_20240509T2220Z_americas.png
03:02:52 | INFO | Current processing time: 2024-05-09 22:25 UTC
03:02:55 | INFO | Output path: D:\Desktop\lzt_thesis_code\GNSSdraw\GNSS_draw\outputs\dTEC\2024\130\dTEC_20240509T2225Z_americas.png
03:02:55 | INFO | Current processing time: 2024-05-09 22:30 UTC
03:02:57 | INFO | Output path: D:\Desktop\lzt_thesis_code\GNSSdraw\GNSS_draw\outputs\dTEC\2024\130\dTEC_20240509T2230Z_americas.png
03:02:57 | INFO | Current processing time: 2024-05-09 22:35 UTC
03:03:00 | INFO | Output path: D:\Desktop\lzt_thesis_code\GNSSdraw\GNSS_draw\outputs\dTEC\2024\130\dTEC_20240509T2235Z_americas.png
03:03:00 | INFO | Current processing time: 2024-05-09 22:40 UTC
03:03:03 | INFO | Output path: D:\Desktop\lzt_thesis_code\GNSSdraw\GNSS_draw\outputs\dTEC\2024\130\dTEC_20240509T2240Z_americas.png
03:03:03 | INFO | Current processing time: 2024-05-09 22:45 UTC
03:03:06 | INFO | Output path: D:\Desktop\lzt_thesis_code\GNSSdraw\GNSS_draw\outputs\dTEC\2024\130\dTEC_20240509T2245Z_americas.png
03:03:06 | INFO | Current processing time: 2024-05-09 22:50 UTC
03:03:09 | INFO | Output path: D:\Desktop\lzt_thesis_code\GNSSdraw\GNSS_draw\outputs\dTEC\2024\130\dTEC_20240509T2250Z_americas.png
03:03:09 | INFO | Current processing time: 2024-05-09 22:55 UTC
03:03:12 | INFO | Output path: D:\Desktop\lzt_thesis_code\GNSSdraw\GNSS_draw\outputs\dTEC\2024\130\dTEC_20240509T2255Z_americas.png
03:03:12 | INFO | Current file: D:\Desktop\lzt_thesis_code\GNSSdraw\Data_download\dTEC_data\2024\130\2024050923_dtec.nc
03:03:12 | INFO | Current processing time: 2024-05-09 23:00 UTC
03:03:14 | INFO | Output path: D:\Desktop\lzt_thesis_code\GNSSdraw\GNSS_draw\outputs\dTEC\2024\130\dTEC_20240509T2300Z_americas.png
03:03:15 | INFO | Current processing time: 2024-05-09 23:05 UTC
03:03:17 | INFO | Output path: D:\Desktop\lzt_thesis_code\GNSSdraw\GNSS_draw\outputs\dTEC\2024\130\dTEC_20240509T2305Z_americas.png
03:03:17 | INFO | Current processing time: 2024-05-09 23:10 UTC
03:03:20 | INFO | Output path: D:\Desktop\lzt_thesis_code\GNSSdraw\GNSS_draw\outputs\dTEC\2024\130\dTEC_20240509T2310Z_americas.png
03:03:20 | INFO | Current processing time: 2024-05-09 23:15 UTC
03:03:23 | INFO | Output path: D:\Desktop\lzt_thesis_code\GNSSdraw\GNSS_draw\outputs\dTEC\2024\130\dTEC_20240509T2315Z_americas.png
03:03:23 | INFO | Current processing time: 2024-05-09 23:20 UTC
03:03:26 | INFO | Output path: D:\Desktop\lzt_thesis_code\GNSSdraw\GNSS_draw\outputs\dTEC\2024\130\dTEC_20240509T2320Z_americas.png
03:03:26 | INFO | Current processing time: 2024-05-09 23:25 UTC
03:03:30 | INFO | Output path: D:\Desktop\lzt_thesis_code\GNSSdraw\GNSS_draw\outputs\dTEC\2024\130\dTEC_20240509T2325Z_americas.png
03:03:30 | INFO | Current processing time: 2024-05-09 23:30 UTC
